<?xml version="1.0" encoding="UTF-8"?>
<testng-results ignored="0" total="1" passed="1" failed="0" skipped="0">
  <reporter-output>
  </reporter-output>
  <suite started-at="2021-04-04T17:45:58 IST" name="Default suite" finished-at="2021-04-04T17:46:05 IST" duration-ms="7558">
    <groups>
    </groups>
    <test started-at="2021-04-04T17:45:58 IST" name="Default test" finished-at="2021-04-04T17:46:05 IST" duration-ms="7558">
      <class name="testNG.Tester10">
        <test-method signature="launch()[pri:0, instance:testNG.Tester10@7a4ccb53]" started-at="2021-04-04T17:45:58 IST" name="launch" finished-at="2021-04-04T17:46:05 IST" duration-ms="7499" status="PASS">
          <reporter-output>
          </reporter-output>
        </test-method> <!-- launch -->
      </class> <!-- testNG.Tester10 -->
    </test> <!-- Default test -->
  </suite> <!-- Default suite -->
</testng-results>
